clockstop ready
clockstop ready
clockstop ready
clockstop ready
clockstop ready
clockstop ready
clockstop ready
clockstop ready
clockstop ready
clockstop ready
clockstop ready
clockstop ready
started 25m session
drift warning: kitty:+1
drift warning: none
clockstop ready
clockstop ready
clockstop ready
clockstop ready
clockstop ready
started 25m session
drift warning: kitty:+1
lock command fired
clockstop ready
started 25m session
clockstop ready
clockstop ready
idle
started 25m session
drift warning: org.qbittorrent.qBittorrent:+1
drift warning: none
drift warning: none
drift warning: none
drift warning: none
drift warning: none
drift warning: none
drift warning: none
drift warning: org.gnome.World.PikaBackup:+1
drift warning: none
drift warning: none
clockstop ready
started 25m session
Running: 1491s left, drift 0s/1500, delta none, snapshot 4 apps
started 25m session
quitting
clockstop ready
started 25m session
drift warning: helium:+1
drift warning: none
drift warning: none
drift warning: none
drift warning: none
drift warning: none
drift warning: none
drift warning: none
drift warning: none
drift warning: none
drift warning: none
drift warning: none
drift warning: none
drift warning: none
clockstop ready
started 15m session
clockstop ready
started 10m session
drift warning: LocalSend+1
clockstop ready
clockstop ready
clockstop ready
clockstop ready
started 20m session
clockstop ready
started 10m session
